--------------------------------------------------------------------------------
TEST RESULT: IFT Transaction
  Status: ✅ PASSED
  Message: Test passed successfully
  Details:
    transaction_id: IFT123456
    response_time_ms: 15.76
--------------------------------------------------------------------------------

--------------------------------------------------------------------------------
TEST RESULT: IFT Transaction
  Status: ❌ FAILED
  Message: Response validation failed
  Details:
    validation_errors: ["Status code should be 200, got: undefined","Missing transaction_id in response data","Missing reference in response data","Missing amount in response data"]
    actual_response: {"status":"success","message":"Transaction data sent successfully.","data":{"status":"success","status_code":200,"message":"Transaction processed successfully","data":{"transaction_id":"IFT123456","reference":"IFT1755763544","amount":10000,"currency":"TZS","status":"completed","timestamp":"2025-08-21 08:05:44","processing_time_ms":15.76},"metadata":{"api_version":"1.0","request_id":"req-68a6d3583417c"}}}
--------------------------------------------------------------------------------

--------------------------------------------------------------------------------
TEST RESULT: IFT Transaction
  Status: ✅ PASSED
  Message: Test passed with proper success response validation
  Details:
    transaction_id: IFT123456
    reference: IFT1755763658
    amount: 10000
    currency: TZS
    status: completed
    response_time_ms: 5.19
    message: Transaction data sent successfully.
--------------------------------------------------------------------------------

--------------------------------------------------------------------------------
TEST RESULT: IFT Transaction
  Status: ✅ PASSED
  Message: Test passed with proper success response validation
  Details:
    transaction_id: IFT123456
    reference: IFT1755763871
    amount: 10000
    currency: TZS
    status: completed
    response_time_ms: 4.77
    message: Transaction data sent successfully.
--------------------------------------------------------------------------------

--------------------------------------------------------------------------------
TEST RESULT: IFT Transaction
  Status: ❌ FAILED
  Message: Exception occurred
  Details:
    error: cURL error 6: Could not resolve host: api.bank.com (see https://curl.haxx.se/libcurl/c/libcurl-errors.html) for https://api.bank.com/ift-transaction
    error_type: Illuminate\Http\Client\ConnectionException
    trace: #0 /Volumes/DATA/PROJECTS/SACCOS/SYSTEMS/SACCOS_CORE_SYSTEM/vendor/laravel/framework/src/Illuminate/Support/helpers.php(260): Illuminate\Http\Client\PendingRequest->Illuminate\Http\Client\{closure}(1)
#1 /Volumes/DATA/PROJECTS/SACCOS/SYSTEMS/SACCOS_CORE_SYSTEM/vendor/laravel/framework/src/Illuminate/Http/Client/PendingRequest.php(821): retry(0, Object(Closure), 100, Object(Closure))
#2 /Volumes/DATA/PROJECTS/SACCOS/SYSTEMS/SACCOS_CORE_SYSTEM/vendor/laravel/framework/src/Illuminate/Http/Client/PendingRequest.php(727): Illuminate\Http\Client\PendingRequest->send('POST', 'https://api.ban...', Array)
#3 /Volumes/DATA/PROJECTS/SACCOS/SYSTEMS/SACCOS_CORE_SYSTEM/vendor/laravel/framework/src/Illuminate/Http/Client/Factory.php(385): Illuminate\Http\Client\PendingRequest->post('https://api.ban...', Array)
#4 /Volumes/DATA/PROJECTS/SACCOS/SYSTEMS/SACCOS_CORE_SYSTEM/vendor/laravel/framework/src/Illuminate/Support/Facades/Facade.php(338): Illuminate\Http\Client\Factory->__call('post', Array)
#5 /Volumes/DATA/PROJECTS/SACCOS/SYSTEMS/SACCOS_CORE_SYSTEM/app/Http/Services/BankTransactionService.php(40): Illuminate\Support\Facades\Facade::__callStatic('post', Array)
#6 /Volumes/DATA/PROJECTS/SACCOS/SYSTEMS/SACCOS_CORE_SYSTEM/sit-tests/BankTransactionServiceTest.php(112): App\Http\Services\BankTransactionService->sendTransactionData('IFT', Array)
#7 /Volumes/DATA/PROJECTS/SACCOS/SYSTEMS/SACCOS_CORE_SYSTEM/sit-tests/BankTransactionServiceTest.php(33): SitTests\BankTransactionServiceTest->testIFTTransaction()
#8 /Volumes/DATA/PROJECTS/SACCOS/SYSTEMS/SACCOS_CORE_SYSTEM/sit-tests/run-all-tests.php(79): SitTests\BankTransactionServiceTest->runAllTests()
#9 /Volumes/DATA/PROJECTS/SACCOS/SYSTEMS/SACCOS_CORE_SYSTEM/sit-tests/run-all-tests.php(45): SITTestRunner->runTest('Bank Transactio...', 'BankTransaction...')
#10 /Volumes/DATA/PROJECTS/SACCOS/SYSTEMS/SACCOS_CORE_SYSTEM/sit-tests/run-all-tests.php(307): SITTestRunner->run()
#11 {main}
--------------------------------------------------------------------------------

--------------------------------------------------------------------------------
TEST RESULT: IFT Transaction
  Status: ✅ PASSED
  Message: Test passed with proper success response validation
  Details:
    transaction_id: IFT123456
    reference: IFT1755767698
    amount: 10000
    currency: TZS
    status: completed
    response_time_ms: 4.05
    message: Transaction data sent successfully.
--------------------------------------------------------------------------------

